This file contains any messages produced by compilers while
running configure, to aid debugging if configure makes a mistake.

It was created by libupnp configure 1.4.6, which was
generated by GNU Autoconf 2.60.  Invocation command line was

  $ ./configure --host=mipsel-linux --enable-debug

## --------- ##
## Platform. ##
## --------- ##

hostname = compiler
uname -m = x86_64
uname -r = 2.6.18-1.2798.fc6
uname -s = Linux
uname -v = #1 SMP Mon Oct 16 14:39:22 EDT 2006

/usr/bin/uname -p = unknown
/bin/uname -X     = unknown

/bin/arch              = x86_64
/usr/bin/arch -k       = unknown
/usr/convex/getsysinfo = unknown
/usr/bin/hostinfo      = unknown
/bin/machine           = unknown
/usr/bin/oslevel       = unknown
/bin/universe          = unknown

PATH: /opt/buildroot-gdb/bin
PATH: /usr/kerberos/bin
PATH: /usr/local/bin
PATH: /bin
PATH: /usr/bin
PATH: /sbin
PATH: /usr/sbin/
PATH: /usr/local/sbin
PATH: /home/yy/bin
PATH: /opt/surfmilo/cross-dev/usr/bin


## ----------- ##
## Core tests. ##
## ----------- ##

configure:2039: checking for a BSD-compatible install
configure:2095: result: /usr/bin/install -c
configure:2106: checking whether build environment is sane
configure:2149: result: yes
configure:2214: checking for gawk
configure:2230: found /bin/gawk
configure:2241: result: gawk
configure:2252: checking whether make sets $(MAKE)
configure:2273: result: yes
configure:2349: checking for mipsel-linux-strip
configure:2365: found /opt/buildroot-gdb/bin/mipsel-linux-strip
configure:2376: result: mipsel-linux-strip
configure:2467: checking build system type
configure:2485: result: x86_64-unknown-linux-gnu
configure:2507: checking host system type
configure:2522: result: mipsel-unknown-linux-gnu
configure:2591: checking for --enable-debug
configure:2599: result: yes
configure:2641: checking for --enable-client
configure:2649: result: yes
configure:2671: checking for --enable-device
configure:2679: result: yes
configure:2704: checking for --enable-webserver
configure:2712: result: yes
configure:2745: checking for --enable-tools
configure:2753: result: yes
configure:2775: checking for --enable-samples
configure:2783: result: yes
configure:2803: checking for documentation directory
configure:2829: result: ${datarootdir}/doc/libupnp-1.4.6
configure:2844: checking for mipsel-linux-gcc
configure:2860: found /opt/buildroot-gdb/bin/mipsel-linux-gcc
configure:2871: result: mipsel-linux-gcc
configure:3149: checking for C compiler version
configure:3156: mipsel-linux-gcc --version >&5
mipsel-linux-gcc (GCC) 3.3.6
Copyright (C) 2003 Free Software Foundation, Inc.
This is free software; see the source for copying conditions.  There is NO
warranty; not even for MERCHANTABILITY or FITNESS FOR A PARTICULAR PURPOSE.

configure:3159: $? = 0
configure:3166: mipsel-linux-gcc -v >&5
Reading specs from /opt/buildroot-gdb/lib/gcc-lib/mipsel-linux-uclibc/3.3.6/specs
Configured with: /home/steven/ic+/RT288x_SDK/toolchain/buildroot/toolchain_build_mipsel/gcc-3.3.6/configure --prefix=/opt/buildroot-gdb --build=x86_64-pc-linux-gnu --host=x86_64-pc-linux-gnu --target=mipsel-linux-uclibc --enable-languages=c,c++ --disable-__cxa_atexit --enable-target-optspace --with-gnu-ld --disable-shared --disable-nls --enable-threads --enable-multilib --enable-sjlj-exceptions
Thread model: posix
gcc version 3.3.6
configure:3169: $? = 0
configure:3176: mipsel-linux-gcc -V >&5
mipsel-linux-gcc: `-V' option must have argument
configure:3179: $? = 1
configure:3202: checking for C compiler default output file name
configure:3229: mipsel-linux-gcc    conftest.c  >&5
configure:3232: $? = 0
configure:3278: result: a.out
configure:3283: checking whether the C compiler works
configure:3293: ./a.out
./configure: line 3294: ./a.out: cannot execute binary file
configure:3296: $? = 126
configure:3313: result: yes
configure:3320: checking whether we are cross compiling
configure:3322: result: yes
configure:3325: checking for suffix of executables
configure:3332: mipsel-linux-gcc -o conftest    conftest.c  >&5
configure:3335: $? = 0
configure:3359: result: 
configure:3365: checking for suffix of object files
configure:3391: mipsel-linux-gcc -c   conftest.c >&5
configure:3394: $? = 0
configure:3417: result: o
configure:3421: checking whether we are using the GNU C compiler
configure:3450: mipsel-linux-gcc -c   conftest.c >&5
configure:3456: $? = 0
configure:3463: test -z "$ac_c_werror_flag" || test ! -s conftest.err
configure:3466: $? = 0
configure:3473: test -s conftest.o
configure:3476: $? = 0
configure:3490: result: yes
configure:3495: checking whether mipsel-linux-gcc accepts -g
configure:3525: mipsel-linux-gcc -c -g  conftest.c >&5
configure:3531: $? = 0
configure:3538: test -z "$ac_c_werror_flag" || test ! -s conftest.err
configure:3541: $? = 0
configure:3548: test -s conftest.o
configure:3551: $? = 0
configure:3681: result: yes
configure:3698: checking for mipsel-linux-gcc option to accept ISO C89
configure:3772: mipsel-linux-gcc  -c -g -O2  conftest.c >&5
configure:3778: $? = 0
configure:3785: test -z "$ac_c_werror_flag" || test ! -s conftest.err
configure:3788: $? = 0
configure:3795: test -s conftest.o
configure:3798: $? = 0
configure:3818: result: none needed
configure:3847: checking for style of include used by make
configure:3875: result: GNU
configure:3903: checking dependency style of mipsel-linux-gcc
configure:3993: result: gcc3
configure:4011: checking whether mipsel-linux-gcc and cc understand -c and -o together
configure:4046: mipsel-linux-gcc -c conftest.c -o conftest2.o >&5
configure:4049: $? = 0
configure:4055: mipsel-linux-gcc -c conftest.c -o conftest2.o >&5
configure:4058: $? = 0
configure:4069: cc -c conftest.c >&5
configure:4072: $? = 0
configure:4080: cc -c conftest.c -o conftest2.o >&5
configure:4083: $? = 0
configure:4089: cc -c conftest.c -o conftest2.o >&5
configure:4092: $? = 0
configure:4110: result: yes
configure:4207: checking for a sed that does not truncate output
configure:4261: result: /bin/sed
configure:4264: checking for grep that handles long lines and -e
configure:4338: result: /bin/grep
configure:4343: checking for egrep
configure:4421: result: /bin/grep -E
configure:4437: checking for ld used by mipsel-linux-gcc
configure:4504: result: /opt/buildroot-gdb/mipsel-linux-uclibc/bin/ld
configure:4513: checking if the linker (/opt/buildroot-gdb/mipsel-linux-uclibc/bin/ld) is GNU ld
configure:4528: result: yes
configure:4533: checking for /opt/buildroot-gdb/mipsel-linux-uclibc/bin/ld option to reload object files
configure:4540: result: -r
configure:4558: checking for BSD-compatible nm
configure:4607: result: /opt/buildroot-gdb/bin/mipsel-linux-nm -B
configure:4611: checking whether ln -s works
configure:4615: result: yes
configure:4622: checking how to recognise dependent libraries
configure:4798: result: pass_all
configure:5048: checking how to run the C preprocessor
configure:5088: mipsel-linux-gcc -E  conftest.c
configure:5094: $? = 0
configure:5132: mipsel-linux-gcc -E  conftest.c
conftest.c:20:28: ac_nonexistent.h: No such file or directory
configure:5138: $? = 1
configure: failed program was:
| /* confdefs.h.  */
| #define PACKAGE_NAME "libupnp"
| #define PACKAGE_TARNAME "libupnp"
| #define PACKAGE_VERSION "1.4.6"
| #define PACKAGE_STRING "libupnp 1.4.6"
| #define PACKAGE_BUGREPORT "mroberto@users.sourceforge.net"
| #define PACKAGE "libupnp"
| #define VERSION "1.4.6"
| #define UPNP_VERSION_STRING "1.4.6"
| #define UPNP_VERSION_MAJOR 1
| #define UPNP_VERSION_MINOR 4
| #define UPNP_VERSION_PATCH 6
| #define UPNP_HAVE_DEBUG 1
| #define DEBUG 1
| #define UPNP_HAVE_CLIENT 1
| #define UPNP_HAVE_DEVICE 1
| #define UPNP_HAVE_WEBSERVER 1
| #define UPNP_HAVE_TOOLS 1
| /* end confdefs.h.  */
| #include <ac_nonexistent.h>
configure:5178: result: mipsel-linux-gcc -E
configure:5207: mipsel-linux-gcc -E  conftest.c
configure:5213: $? = 0
configure:5251: mipsel-linux-gcc -E  conftest.c
conftest.c:20:28: ac_nonexistent.h: No such file or directory
configure:5257: $? = 1
configure: failed program was:
| /* confdefs.h.  */
| #define PACKAGE_NAME "libupnp"
| #define PACKAGE_TARNAME "libupnp"
| #define PACKAGE_VERSION "1.4.6"
| #define PACKAGE_STRING "libupnp 1.4.6"
| #define PACKAGE_BUGREPORT "mroberto@users.sourceforge.net"
| #define PACKAGE "libupnp"
| #define VERSION "1.4.6"
| #define UPNP_VERSION_STRING "1.4.6"
| #define UPNP_VERSION_MAJOR 1
| #define UPNP_VERSION_MINOR 4
| #define UPNP_VERSION_PATCH 6
| #define UPNP_HAVE_DEBUG 1
| #define DEBUG 1
| #define UPNP_HAVE_CLIENT 1
| #define UPNP_HAVE_DEVICE 1
| #define UPNP_HAVE_WEBSERVER 1
| #define UPNP_HAVE_TOOLS 1
| /* end confdefs.h.  */
| #include <ac_nonexistent.h>
configure:5302: checking for ANSI C header files
configure:5332: mipsel-linux-gcc -c -g -O2  conftest.c >&5
configure:5338: $? = 0
configure:5345: test -z "$ac_c_werror_flag" || test ! -s conftest.err
configure:5348: $? = 0
configure:5355: test -s conftest.o
configure:5358: $? = 0
configure:5483: result: yes
configure:5507: checking for sys/types.h
configure:5528: mipsel-linux-gcc -c -g -O2  conftest.c >&5
configure:5534: $? = 0
configure:5541: test -z "$ac_c_werror_flag" || test ! -s conftest.err
configure:5544: $? = 0
configure:5551: test -s conftest.o
configure:5554: $? = 0
configure:5567: result: yes
configure:5507: checking for sys/stat.h
configure:5528: mipsel-linux-gcc -c -g -O2  conftest.c >&5
configure:5534: $? = 0
configure:5541: test -z "$ac_c_werror_flag" || test ! -s conftest.err
configure:5544: $? = 0
configure:5551: test -s conftest.o
configure:5554: $? = 0
configure:5567: result: yes
configure:5507: checking for stdlib.h
configure:5528: mipsel-linux-gcc -c -g -O2  conftest.c >&5
configure:5534: $? = 0
configure:5541: test -z "$ac_c_werror_flag" || test ! -s conftest.err
configure:5544: $? = 0
configure:5551: test -s conftest.o
configure:5554: $? = 0
configure:5567: result: yes
configure:5507: checking for string.h
configure:5528: mipsel-linux-gcc -c -g -O2  conftest.c >&5
configure:5534: $? = 0
configure:5541: test -z "$ac_c_werror_flag" || test ! -s conftest.err
configure:5544: $? = 0
configure:5551: test -s conftest.o
configure:5554: $? = 0
configure:5567: result: yes
configure:5507: checking for memory.h
configure:5528: mipsel-linux-gcc -c -g -O2  conftest.c >&5
configure:5534: $? = 0
configure:5541: test -z "$ac_c_werror_flag" || test ! -s conftest.err
configure:5544: $? = 0
configure:5551: test -s conftest.o
configure:5554: $? = 0
configure:5567: result: yes
configure:5507: checking for strings.h
configure:5528: mipsel-linux-gcc -c -g -O2  conftest.c >&5
configure:5534: $? = 0
configure:5541: test -z "$ac_c_werror_flag" || test ! -s conftest.err
configure:5544: $? = 0
configure:5551: test -s conftest.o
configure:5554: $? = 0
configure:5567: result: yes
configure:5507: checking for inttypes.h
configure:5528: mipsel-linux-gcc -c -g -O2  conftest.c >&5
configure:5534: $? = 0
configure:5541: test -z "$ac_c_werror_flag" || test ! -s conftest.err
configure:5544: $? = 0
configure:5551: test -s conftest.o
configure:5554: $? = 0
configure:5567: result: yes
configure:5507: checking for stdint.h
configure:5528: mipsel-linux-gcc -c -g -O2  conftest.c >&5
configure:5534: $? = 0
configure:5541: test -z "$ac_c_werror_flag" || test ! -s conftest.err
configure:5544: $? = 0
configure:5551: test -s conftest.o
configure:5554: $? = 0
configure:5567: result: yes
configure:5507: checking for unistd.h
configure:5528: mipsel-linux-gcc -c -g -O2  conftest.c >&5
configure:5534: $? = 0
configure:5541: test -z "$ac_c_werror_flag" || test ! -s conftest.err
configure:5544: $? = 0
configure:5551: test -s conftest.o
configure:5554: $? = 0
configure:5567: result: yes
configure:5594: checking dlfcn.h usability
configure:5611: mipsel-linux-gcc -c -g -O2  conftest.c >&5
configure:5617: $? = 0
configure:5624: test -z "$ac_c_werror_flag" || test ! -s conftest.err
configure:5627: $? = 0
configure:5634: test -s conftest.o
configure:5637: $? = 0
configure:5648: result: yes
configure:5652: checking dlfcn.h presence
configure:5667: mipsel-linux-gcc -E  conftest.c
configure:5673: $? = 0
configure:5694: result: yes
configure:5727: checking for dlfcn.h
configure:5735: result: yes
configure:5762: checking for mipsel-linux-g++
configure:5778: found /opt/buildroot-gdb/bin/mipsel-linux-g++
configure:5789: result: mipsel-linux-g++
configure:5864: checking for C++ compiler version
configure:5871: mipsel-linux-g++ --version >&5
mipsel-linux-g++ (GCC) 3.3.6
Copyright (C) 2003 Free Software Foundation, Inc.
This is free software; see the source for copying conditions.  There is NO
warranty; not even for MERCHANTABILITY or FITNESS FOR A PARTICULAR PURPOSE.

configure:5874: $? = 0
configure:5881: mipsel-linux-g++ -v >&5
Reading specs from /opt/buildroot-gdb/lib/gcc-lib/mipsel-linux-uclibc/3.3.6/specs
Configured with: /home/steven/ic+/RT288x_SDK/toolchain/buildroot/toolchain_build_mipsel/gcc-3.3.6/configure --prefix=/opt/buildroot-gdb --build=x86_64-pc-linux-gnu --host=x86_64-pc-linux-gnu --target=mipsel-linux-uclibc --enable-languages=c,c++ --disable-__cxa_atexit --enable-target-optspace --with-gnu-ld --disable-shared --disable-nls --enable-threads --enable-multilib --enable-sjlj-exceptions
Thread model: posix
gcc version 3.3.6
configure:5884: $? = 0
configure:5891: mipsel-linux-g++ -V >&5
mipsel-linux-g++: `-V' option must have argument
configure:5894: $? = 1
configure:5897: checking whether we are using the GNU C++ compiler
configure:5926: mipsel-linux-g++ -c   conftest.cpp >&5
configure:5932: $? = 0
configure:5939: test -z "$ac_cxx_werror_flag" || test ! -s conftest.err
configure:5942: $? = 0
configure:5949: test -s conftest.o
configure:5952: $? = 0
configure:5966: result: yes
configure:5971: checking whether mipsel-linux-g++ accepts -g
configure:6001: mipsel-linux-g++ -c -g  conftest.cpp >&5
configure:6007: $? = 0
configure:6014: test -z "$ac_cxx_werror_flag" || test ! -s conftest.err
configure:6017: $? = 0
configure:6024: test -s conftest.o
configure:6027: $? = 0
configure:6157: result: yes
configure:6182: checking dependency style of mipsel-linux-g++
configure:6272: result: gcc3
configure:6299: checking how to run the C++ preprocessor
configure:6335: mipsel-linux-g++ -E  conftest.cpp
configure:6341: $? = 0
configure:6379: mipsel-linux-g++ -E  conftest.cpp
conftest.cpp:31:28: ac_nonexistent.h: No such file or directory
configure:6385: $? = 1
configure: failed program was:
| /* confdefs.h.  */
| #define PACKAGE_NAME "libupnp"
| #define PACKAGE_TARNAME "libupnp"
| #define PACKAGE_VERSION "1.4.6"
| #define PACKAGE_STRING "libupnp 1.4.6"
| #define PACKAGE_BUGREPORT "mroberto@users.sourceforge.net"
| #define PACKAGE "libupnp"
| #define VERSION "1.4.6"
| #define UPNP_VERSION_STRING "1.4.6"
| #define UPNP_VERSION_MAJOR 1
| #define UPNP_VERSION_MINOR 4
| #define UPNP_VERSION_PATCH 6
| #define UPNP_HAVE_DEBUG 1
| #define DEBUG 1
| #define UPNP_HAVE_CLIENT 1
| #define UPNP_HAVE_DEVICE 1
| #define UPNP_HAVE_WEBSERVER 1
| #define UPNP_HAVE_TOOLS 1
| #define STDC_HEADERS 1
| #define HAVE_SYS_TYPES_H 1
| #define HAVE_SYS_STAT_H 1
| #define HAVE_STDLIB_H 1
| #define HAVE_STRING_H 1
| #define HAVE_MEMORY_H 1
| #define HAVE_STRINGS_H 1
| #define HAVE_INTTYPES_H 1
| #define HAVE_STDINT_H 1
| #define HAVE_UNISTD_H 1
| #define HAVE_DLFCN_H 1
| /* end confdefs.h.  */
| #include <ac_nonexistent.h>
configure:6425: result: mipsel-linux-g++ -E
configure:6454: mipsel-linux-g++ -E  conftest.cpp
configure:6460: $? = 0
configure:6498: mipsel-linux-g++ -E  conftest.cpp
conftest.cpp:31:28: ac_nonexistent.h: No such file or directory
configure:6504: $? = 1
configure: failed program was:
| /* confdefs.h.  */
| #define PACKAGE_NAME "libupnp"
| #define PACKAGE_TARNAME "libupnp"
| #define PACKAGE_VERSION "1.4.6"
| #define PACKAGE_STRING "libupnp 1.4.6"
| #define PACKAGE_BUGREPORT "mroberto@users.sourceforge.net"
| #define PACKAGE "libupnp"
| #define VERSION "1.4.6"
| #define UPNP_VERSION_STRING "1.4.6"
| #define UPNP_VERSION_MAJOR 1
| #define UPNP_VERSION_MINOR 4
| #define UPNP_VERSION_PATCH 6
| #define UPNP_HAVE_DEBUG 1
| #define DEBUG 1
| #define UPNP_HAVE_CLIENT 1
| #define UPNP_HAVE_DEVICE 1
| #define UPNP_HAVE_WEBSERVER 1
| #define UPNP_HAVE_TOOLS 1
| #define STDC_HEADERS 1
| #define HAVE_SYS_TYPES_H 1
| #define HAVE_SYS_STAT_H 1
| #define HAVE_STDLIB_H 1
| #define HAVE_STRING_H 1
| #define HAVE_MEMORY_H 1
| #define HAVE_STRINGS_H 1
| #define HAVE_INTTYPES_H 1
| #define HAVE_STDINT_H 1
| #define HAVE_UNISTD_H 1
| #define HAVE_DLFCN_H 1
| /* end confdefs.h.  */
| #include <ac_nonexistent.h>
configure:6560: checking for mipsel-linux-g77
configure:6590: result: no
configure:6560: checking for mipsel-linux-f77
configure:6590: result: no
configure:6560: checking for mipsel-linux-xlf
configure:6590: result: no
configure:6560: checking for mipsel-linux-frt
configure:6590: result: no
configure:6560: checking for mipsel-linux-pgf77
configure:6590: result: no
configure:6560: checking for mipsel-linux-cf77
configure:6590: result: no
configure:6560: checking for mipsel-linux-fort77
configure:6590: result: no
configure:6560: checking for mipsel-linux-fl32
configure:6590: result: no
configure:6560: checking for mipsel-linux-af77
configure:6590: result: no
configure:6560: checking for mipsel-linux-f90
configure:6590: result: no
configure:6560: checking for mipsel-linux-xlf90
configure:6590: result: no
configure:6560: checking for mipsel-linux-pgf90
configure:6590: result: no
configure:6560: checking for mipsel-linux-pghpf
configure:6590: result: no
configure:6560: checking for mipsel-linux-epcf90
configure:6590: result: no
configure:6560: checking for mipsel-linux-gfortran
configure:6590: result: no
configure:6560: checking for mipsel-linux-g95
configure:6590: result: no
configure:6560: checking for mipsel-linux-f95
configure:6590: result: no
configure:6560: checking for mipsel-linux-fort
configure:6590: result: no
configure:6560: checking for mipsel-linux-xlf95
configure:6590: result: no
configure:6560: checking for mipsel-linux-ifort
configure:6590: result: no
configure:6560: checking for mipsel-linux-ifc
configure:6590: result: no
configure:6560: checking for mipsel-linux-efc
configure:6590: result: no
configure:6560: checking for mipsel-linux-pgf95
configure:6590: result: no
configure:6560: checking for mipsel-linux-lf95
configure:6590: result: no
configure:6560: checking for mipsel-linux-ftn
configure:6590: result: no
configure:6604: checking for g77
configure:6634: result: no
configure:6604: checking for f77
configure:6634: result: no
configure:6604: checking for xlf
configure:6634: result: no
configure:6604: checking for frt
configure:6634: result: no
configure:6604: checking for pgf77
configure:6634: result: no
configure:6604: checking for cf77
configure:6634: result: no
configure:6604: checking for fort77
configure:6634: result: no
configure:6604: checking for fl32
configure:6634: result: no
configure:6604: checking for af77
configure:6634: result: no
configure:6604: checking for f90
configure:6634: result: no
configure:6604: checking for xlf90
configure:6634: result: no
configure:6604: checking for pgf90
configure:6634: result: no
configure:6604: checking for pghpf
configure:6634: result: no
configure:6604: checking for epcf90
configure:6634: result: no
configure:6604: checking for gfortran
configure:6620: found /usr/bin/gfortran
configure:6631: result: gfortran
configure:6649: WARNING: In the future, Autoconf will not detect cross-tools
whose name does not start with the host triplet.  If you think this
configuration is useful to you, please write to autoconf@gnu.org.
configure:6661: checking for Fortran 77 compiler version
configure:6668: gfortran --version >&5
GNU Fortran 95 (GCC) 4.1.1 20061011 (Red Hat 4.1.1-30)
Copyright (C) 2006 Free Software Foundation, Inc.

GNU Fortran comes with NO WARRANTY, to the extent permitted by law.
You may redistribute copies of GNU Fortran
under the terms of the GNU General Public License.
For more information about these matters, see the file named COPYING

configure:6671: $? = 0
configure:6678: gfortran -v >&5
Using built-in specs.
Target: x86_64-redhat-linux
Configured with: ../configure --prefix=/usr --mandir=/usr/share/man --infodir=/usr/share/info --enable-shared --enable-threads=posix --enable-checking=release --with-system-zlib --enable-__cxa_atexit --disable-libunwind-exceptions --enable-libgcj-multifile --enable-languages=c,c++,objc,obj-c++,java,fortran,ada --enable-java-awt=gtk --disable-dssi --enable-plugin --with-java-home=/usr/lib/jvm/java-1.4.2-gcj-1.4.2.0/jre --with-cpu=generic --host=x86_64-redhat-linux
Thread model: posix
gcc version 4.1.1 20061011 (Red Hat 4.1.1-30)
configure:6681: $? = 0
configure:6688: gfortran -V >&5
gfortran: '-V' option must have argument
configure:6691: $? = 1
configure:6699: checking whether we are using the GNU Fortran 77 compiler
configure:6718: gfortran -c  conftest.F >&5
configure:6724: $? = 0
configure:6731: test -z "$ac_f77_werror_flag" || test ! -s conftest.err
configure:6734: $? = 0
configure:6741: test -s conftest.o
configure:6744: $? = 0
configure:6758: result: yes
configure:6764: checking whether gfortran accepts -g
configure:6781: gfortran -c -g conftest.f >&5
configure:6787: $? = 0
configure:6794: test -z "$ac_f77_werror_flag" || test ! -s conftest.err
configure:6797: $? = 0
configure:6804: test -s conftest.o
configure:6807: $? = 0
configure:6820: result: yes
configure:6850: checking the maximum length of command line arguments
configure:6959: result: 32768
configure:6970: checking command to parse /opt/buildroot-gdb/bin/mipsel-linux-nm -B output from mipsel-linux-gcc object
configure:7075: mipsel-linux-gcc -c -g -O2  conftest.c >&5
configure:7078: $? = 0
configure:7082: /opt/buildroot-gdb/bin/mipsel-linux-nm -B conftest.o \| sed -n -e 's/^.*[ 	]\([ABCDGIRSTW][ABCDGIRSTW]*\)[ 	][ 	]*\([_A-Za-z][_A-Za-z0-9]*\)$/\1 \2 \2/p' \> conftest.nm
configure:7085: $? = 0
configure:7137: mipsel-linux-gcc -o conftest -g -O2   conftest.c conftstm.o >&5
configure:7140: $? = 0
configure:7178: result: ok
configure:7182: checking for objdir
configure:7197: result: .libs
configure:7249: checking for mipsel-linux-ar
configure:7265: found /opt/buildroot-gdb/bin/mipsel-linux-ar
configure:7276: result: mipsel-linux-ar
configure:7345: checking for mipsel-linux-ranlib
configure:7361: found /opt/buildroot-gdb/bin/mipsel-linux-ranlib
configure:7372: result: mipsel-linux-ranlib
configure:7441: checking for mipsel-linux-strip
configure:7468: result: mipsel-linux-strip
configure:7794: checking if mipsel-linux-gcc supports -fno-rtti -fno-exceptions
configure:7812: mipsel-linux-gcc -c -g -O2  -fno-rtti -fno-exceptions conftest.c >&5
cc1: warning: "-fno-rtti" is valid for C++ but not for C/ObjC
configure:7816: $? = 0
configure:7829: result: no
configure:7844: checking for mipsel-linux-gcc option to produce PIC
configure:8054: result: -fPIC
configure:8062: checking if mipsel-linux-gcc PIC flag -fPIC works
configure:8080: mipsel-linux-gcc -c -g -O2  -fPIC -DPIC conftest.c >&5
configure:8084: $? = 0
configure:8097: result: yes
configure:8125: checking if mipsel-linux-gcc static flag -static works
configure:8153: result: yes
configure:8163: checking if mipsel-linux-gcc supports -c -o file.o
configure:8184: mipsel-linux-gcc -c -g -O2  -o out/conftest2.o conftest.c >&5
configure:8188: $? = 0
configure:8210: result: yes
configure:8236: checking whether the mipsel-linux-gcc linker (/opt/buildroot-gdb/mipsel-linux-uclibc/bin/ld) supports shared libraries
configure:9222: result: yes
configure:9243: checking whether -lc should be explicitly linked in
configure:9248: mipsel-linux-gcc -c -g -O2  conftest.c >&5
configure:9251: $? = 0
configure:9266: mipsel-linux-gcc -shared conftest.o  -v -Wl,-soname -Wl,conftest -o conftest 2\>\&1 \| grep  -lc  \>/dev/null 2\>\&1
configure:9269: $? = 0
configure:9281: result: no
configure:9289: checking dynamic linker characteristics
configure:9877: result: GNU/Linux ld.so
configure:9886: checking how to hardcode library paths into programs
configure:9911: result: immediate
configure:9925: checking whether stripping libraries is possible
configure:9930: result: yes
configure:10843: checking if libtool supports shared libraries
configure:10845: result: yes
configure:10848: checking whether to build shared libraries
configure:10869: result: yes
configure:10872: checking whether to build static libraries
configure:10876: result: yes
configure:10968: creating libtool
configure:11556: checking for ld used by mipsel-linux-g++
configure:11623: result: /opt/buildroot-gdb/mipsel-linux-uclibc/bin/ld
configure:11632: checking if the linker (/opt/buildroot-gdb/mipsel-linux-uclibc/bin/ld) is GNU ld
configure:11647: result: yes
configure:11698: checking whether the mipsel-linux-g++ linker (/opt/buildroot-gdb/mipsel-linux-uclibc/bin/ld) supports shared libraries
configure:12664: result: yes
configure:12682: mipsel-linux-g++ -c -g -O2  conftest.cpp >&5
configure:12685: $? = 0
configure:12804: checking for mipsel-linux-g++ option to produce PIC
configure:13078: result: -fPIC
configure:13086: checking if mipsel-linux-g++ PIC flag -fPIC works
configure:13104: mipsel-linux-g++ -c -g -O2  -fPIC -DPIC conftest.cpp >&5
configure:13108: $? = 0
configure:13121: result: yes
configure:13149: checking if mipsel-linux-g++ static flag -static works
configure:13177: result: yes
configure:13187: checking if mipsel-linux-g++ supports -c -o file.o
configure:13208: mipsel-linux-g++ -c -g -O2  -o out/conftest2.o conftest.cpp >&5
configure:13212: $? = 0
configure:13234: result: yes
configure:13260: checking whether the mipsel-linux-g++ linker (/opt/buildroot-gdb/mipsel-linux-uclibc/bin/ld) supports shared libraries
configure:13285: result: yes
configure:13352: checking dynamic linker characteristics
configure:13940: result: GNU/Linux ld.so
configure:13949: checking how to hardcode library paths into programs
configure:13974: result: immediate
configure:14500: checking if libtool supports shared libraries
configure:14502: result: yes
configure:14505: checking whether to build shared libraries
configure:14525: result: yes
configure:14528: checking whether to build static libraries
configure:14532: result: yes
configure:14542: checking for gfortran option to produce PIC
configure:14752: result: -fPIC
configure:14760: checking if gfortran PIC flag -fPIC works
configure:14778: gfortran -c -g -O2 -fPIC conftest.f >&5
configure:14782: $? = 0
configure:14795: result: yes
configure:14823: checking if gfortran static flag -static works
configure:14851: result: yes
configure:14861: checking if gfortran supports -c -o file.o
configure:14882: gfortran -c -g -O2 -o out/conftest2.o conftest.f >&5
configure:14886: $? = 0
configure:14908: result: yes
configure:14934: checking whether the gfortran linker (/opt/buildroot-gdb/mipsel-linux-uclibc/bin/ld) supports shared libraries
configure:15900: result: yes
configure:15967: checking dynamic linker characteristics
configure:16555: result: GNU/Linux ld.so
configure:16564: checking how to hardcode library paths into programs
configure:16589: result: immediate
configure:20191: checking for a BSD-compatible install
configure:20247: result: /usr/bin/install -c
configure:20258: checking whether make sets $(MAKE)
configure:20279: result: yes
configure:20288: checking for egrep
configure:20366: result: /bin/grep -E
configure:20500: checking CFLAGS for maximum warnings
configure:20537: mipsel-linux-gcc -c -g -O2 -pedantic  -Wall  conftest.c >&5
configure:20543: $? = 0
configure:20550: test -z "$ac_c_werror_flag" || test ! -s conftest.err
configure:20553: $? = 0
configure:20560: test -s conftest.o
configure:20563: $? = 0
configure:20584: result: -Wall
configure:20597: : CFLAGS="$CFLAGS $ac_cv_cflags_warn_all"
configure:20600: $? = 0
configure:20613: checking for size_t
configure:20643: mipsel-linux-gcc -c -g -O2 -Wall  conftest.c >&5
configure:20649: $? = 0
configure:20656: test -z "$ac_c_werror_flag" || test ! -s conftest.err
configure:20659: $? = 0
configure:20666: test -s conftest.o
configure:20669: $? = 0
configure:20681: result: yes
configure:20693: checking for off_t
configure:20723: mipsel-linux-gcc -c -g -O2 -Wall  conftest.c >&5
configure:20729: $? = 0
configure:20736: test -z "$ac_c_werror_flag" || test ! -s conftest.err
configure:20739: $? = 0
configure:20746: test -s conftest.o
configure:20749: $? = 0
configure:20761: result: yes
configure:20788: checking for ANSI C header files
configure:20969: result: yes
configure:21022: checking arpa/inet.h usability
configure:21039: mipsel-linux-gcc -c -g -O2 -Wall  conftest.c >&5
configure:21045: $? = 0
configure:21052: test -z "$ac_c_werror_flag" || test ! -s conftest.err
configure:21055: $? = 0
configure:21062: test -s conftest.o
configure:21065: $? = 0
configure:21076: result: yes
configure:21080: checking arpa/inet.h presence
configure:21095: mipsel-linux-gcc -E  conftest.c
configure:21101: $? = 0
configure:21122: result: yes
configure:21155: checking for arpa/inet.h
configure:21163: result: yes
configure:21022: checking fcntl.h usability
configure:21039: mipsel-linux-gcc -c -g -O2 -Wall  conftest.c >&5
configure:21045: $? = 0
configure:21052: test -z "$ac_c_werror_flag" || test ! -s conftest.err
configure:21055: $? = 0
configure:21062: test -s conftest.o
configure:21065: $? = 0
configure:21076: result: yes
configure:21080: checking fcntl.h presence
configure:21095: mipsel-linux-gcc -E  conftest.c
configure:21101: $? = 0
configure:21122: result: yes
configure:21155: checking for fcntl.h
configure:21163: result: yes
configure:21022: checking limits.h usability
configure:21039: mipsel-linux-gcc -c -g -O2 -Wall  conftest.c >&5
configure:21045: $? = 0
configure:21052: test -z "$ac_c_werror_flag" || test ! -s conftest.err
configure:21055: $? = 0
configure:21062: test -s conftest.o
configure:21065: $? = 0
configure:21076: result: yes
configure:21080: checking limits.h presence
configure:21095: mipsel-linux-gcc -E  conftest.c
configure:21101: $? = 0
configure:21122: result: yes
configure:21155: checking for limits.h
configure:21163: result: yes
configure:21022: checking netdb.h usability
configure:21039: mipsel-linux-gcc -c -g -O2 -Wall  conftest.c >&5
configure:21045: $? = 0
configure:21052: test -z "$ac_c_werror_flag" || test ! -s conftest.err
configure:21055: $? = 0
configure:21062: test -s conftest.o
configure:21065: $? = 0
configure:21076: result: yes
configure:21080: checking netdb.h presence
configure:21095: mipsel-linux-gcc -E  conftest.c
configure:21101: $? = 0
configure:21122: result: yes
configure:21155: checking for netdb.h
configure:21163: result: yes
configure:21022: checking netinet/in.h usability
configure:21039: mipsel-linux-gcc -c -g -O2 -Wall  conftest.c >&5
configure:21045: $? = 0
configure:21052: test -z "$ac_c_werror_flag" || test ! -s conftest.err
configure:21055: $? = 0
configure:21062: test -s conftest.o
configure:21065: $? = 0
configure:21076: result: yes
configure:21080: checking netinet/in.h presence
configure:21095: mipsel-linux-gcc -E  conftest.c
configure:21101: $? = 0
configure:21122: result: yes
configure:21155: checking for netinet/in.h
configure:21163: result: yes
configure:21012: checking for stdlib.h
configure:21018: result: yes
configure:21012: checking for string.h
configure:21018: result: yes
configure:21022: checking sys/ioctl.h usability
configure:21039: mipsel-linux-gcc -c -g -O2 -Wall  conftest.c >&5
configure:21045: $? = 0
configure:21052: test -z "$ac_c_werror_flag" || test ! -s conftest.err
configure:21055: $? = 0
configure:21062: test -s conftest.o
configure:21065: $? = 0
configure:21076: result: yes
configure:21080: checking sys/ioctl.h presence
configure:21095: mipsel-linux-gcc -E  conftest.c
configure:21101: $? = 0
configure:21122: result: yes
configure:21155: checking for sys/ioctl.h
configure:21163: result: yes
configure:21022: checking sys/socket.h usability
configure:21039: mipsel-linux-gcc -c -g -O2 -Wall  conftest.c >&5
configure:21045: $? = 0
configure:21052: test -z "$ac_c_werror_flag" || test ! -s conftest.err
configure:21055: $? = 0
configure:21062: test -s conftest.o
configure:21065: $? = 0
configure:21076: result: yes
configure:21080: checking sys/socket.h presence
configure:21095: mipsel-linux-gcc -E  conftest.c
configure:21101: $? = 0
configure:21122: result: yes
configure:21155: checking for sys/socket.h
configure:21163: result: yes
configure:21022: checking sys/time.h usability
configure:21039: mipsel-linux-gcc -c -g -O2 -Wall  conftest.c >&5
configure:21045: $? = 0
configure:21052: test -z "$ac_c_werror_flag" || test ! -s conftest.err
configure:21055: $? = 0
configure:21062: test -s conftest.o
configure:21065: $? = 0
configure:21076: result: yes
configure:21080: checking sys/time.h presence
configure:21095: mipsel-linux-gcc -E  conftest.c
configure:21101: $? = 0
configure:21122: result: yes
configure:21155: checking for sys/time.h
configure:21163: result: yes
configure:21022: checking sys/timeb.h usability
configure:21039: mipsel-linux-gcc -c -g -O2 -Wall  conftest.c >&5
configure:21045: $? = 0
configure:21052: test -z "$ac_c_werror_flag" || test ! -s conftest.err
configure:21055: $? = 0
configure:21062: test -s conftest.o
configure:21065: $? = 0
configure:21076: result: yes
configure:21080: checking sys/timeb.h presence
configure:21095: mipsel-linux-gcc -E  conftest.c
configure:21101: $? = 0
configure:21122: result: yes
configure:21155: checking for sys/timeb.h
configure:21163: result: yes
configure:21022: checking syslog.h usability
configure:21039: mipsel-linux-gcc -c -g -O2 -Wall  conftest.c >&5
configure:21045: $? = 0
configure:21052: test -z "$ac_c_werror_flag" || test ! -s conftest.err
configure:21055: $? = 0
configure:21062: test -s conftest.o
configure:21065: $? = 0
configure:21076: result: yes
configure:21080: checking syslog.h presence
configure:21095: mipsel-linux-gcc -E  conftest.c
configure:21101: $? = 0
configure:21122: result: yes
configure:21155: checking for syslog.h
configure:21163: result: yes
configure:21012: checking for unistd.h
configure:21018: result: yes
configure:21185: checking for an ANSI C-conforming const
configure:21260: mipsel-linux-gcc -c -g -O2 -Wall  conftest.c >&5
conftest.c: In function `main':
conftest.c:73: warning: `t' might be used uninitialized in this function
conftest.c:92: warning: `b' might be used uninitialized in this function
configure:21266: $? = 0
configure:21273: test -z "$ac_c_werror_flag" || test ! -s conftest.err
configure:21276: $? = 0
configure:21283: test -s conftest.o
configure:21286: $? = 0
configure:21298: result: yes
configure:21308: checking for size_t
configure:21376: result: yes
configure:21388: checking for socklen_t
configure:21416: mipsel-linux-gcc -c -g -O2 -Wall  conftest.c >&5
conftest.c: In function `main':
conftest.c:52: warning: unused variable `len'
configure:21422: $? = 0
configure:21429: test -z "$ac_c_werror_flag" || test ! -s conftest.err
configure:21432: $? = 0
configure:21439: test -s conftest.o
configure:21442: $? = 0
configure:21455: result: yes
configure:21474: checking for vprintf
configure:21530: mipsel-linux-gcc -o conftest -g -O2 -Wall   conftest.c  >&5
conftest.c:70: warning: conflicting types for built-in function `vprintf'
configure:21536: $? = 0
configure:21543: test -z "$ac_c_werror_flag" || test ! -s conftest.err
configure:21546: $? = 0
configure:21553: test -s conftest
configure:21556: $? = 0
configure:21570: result: yes
configure:21577: checking for _doprnt
configure:21633: mipsel-linux-gcc -o conftest -g -O2 -Wall   conftest.c  >&5
/tmp/ccIQbdNN.o: In function `main':/home/yy/RT288x_SDK/source/user/WSC_UPNP/libupnp-1.4.6/conftest.c:82: undefined reference to `_doprnt'
collect2: ld returned 1 exit status
configure:21639: $? = 1
configure: failed program was:
| /* confdefs.h.  */
| #define PACKAGE_NAME "libupnp"
| #define PACKAGE_TARNAME "libupnp"
| #define PACKAGE_VERSION "1.4.6"
| #define PACKAGE_STRING "libupnp 1.4.6"
| #define PACKAGE_BUGREPORT "mroberto@users.sourceforge.net"
| #define PACKAGE "libupnp"
| #define VERSION "1.4.6"
| #define UPNP_VERSION_STRING "1.4.6"
| #define UPNP_VERSION_MAJOR 1
| #define UPNP_VERSION_MINOR 4
| #define UPNP_VERSION_PATCH 6
| #define UPNP_HAVE_DEBUG 1
| #define DEBUG 1
| #define UPNP_HAVE_CLIENT 1
| #define UPNP_HAVE_DEVICE 1
| #define UPNP_HAVE_WEBSERVER 1
| #define UPNP_HAVE_TOOLS 1
| #define STDC_HEADERS 1
| #define HAVE_SYS_TYPES_H 1
| #define HAVE_SYS_STAT_H 1
| #define HAVE_STDLIB_H 1
| #define HAVE_STRING_H 1
| #define HAVE_MEMORY_H 1
| #define HAVE_STRINGS_H 1
| #define HAVE_INTTYPES_H 1
| #define HAVE_STDINT_H 1
| #define HAVE_UNISTD_H 1
| #define HAVE_DLFCN_H 1
| #define _LARGE_FILE_SOURCE
| #define _FILE_OFFSET_BITS 64
| #define STDC_HEADERS 1
| #define HAVE_ARPA_INET_H 1
| #define HAVE_FCNTL_H 1
| #define HAVE_LIMITS_H 1
| #define HAVE_NETDB_H 1
| #define HAVE_NETINET_IN_H 1
| #define HAVE_STDLIB_H 1
| #define HAVE_STRING_H 1
| #define HAVE_SYS_IOCTL_H 1
| #define HAVE_SYS_SOCKET_H 1
| #define HAVE_SYS_TIME_H 1
| #define HAVE_SYS_TIMEB_H 1
| #define HAVE_SYSLOG_H 1
| #define HAVE_UNISTD_H 1
| #define HAVE_VPRINTF 1
| /* end confdefs.h.  */
| /* Define _doprnt to an innocuous variant, in case <limits.h> declares _doprnt.
|    For example, HP-UX 11i <limits.h> declares gettimeofday.  */
| #define _doprnt innocuous__doprnt
| 
| /* System header to define __stub macros and hopefully few prototypes,
|     which can conflict with char _doprnt (); below.
|     Prefer <limits.h> to <assert.h> if __STDC__ is defined, since
|     <limits.h> exists even on freestanding compilers.  */
| 
| #ifdef __STDC__
| # include <limits.h>
| #else
| # include <assert.h>
| #endif
| 
| #undef _doprnt
| 
| /* Override any GCC internal prototype to avoid an error.
|    Use char because int might match the return type of a GCC
|    builtin and then its argument prototype would still apply.  */
| #ifdef __cplusplus
| extern "C"
| #endif
| char _doprnt ();
| /* The GNU C library defines this for functions which it implements
|     to always fail with ENOSYS.  Some functions are actually named
|     something starting with __ and the normal name is an alias.  */
| #if defined __stub__doprnt || defined __stub____doprnt
| choke me
| #endif
| 
| int
| main ()
| {
| return _doprnt ();
|   ;
|   return 0;
| }
configure:21672: result: no
configure:21686: checking for _LARGEFILE_SOURCE value needed for large files
configure:21714: mipsel-linux-gcc -c -g -O2 -Wall  conftest.c >&5
conftest.c: In function `main':
conftest.c:52: error: `fseeko' undeclared (first use in this function)
conftest.c:52: error: (Each undeclared identifier is reported only once
conftest.c:52: error: for each function it appears in.)
configure:21720: $? = 1
configure: failed program was:
| /* confdefs.h.  */
| #define PACKAGE_NAME "libupnp"
| #define PACKAGE_TARNAME "libupnp"
| #define PACKAGE_VERSION "1.4.6"
| #define PACKAGE_STRING "libupnp 1.4.6"
| #define PACKAGE_BUGREPORT "mroberto@users.sourceforge.net"
| #define PACKAGE "libupnp"
| #define VERSION "1.4.6"
| #define UPNP_VERSION_STRING "1.4.6"
| #define UPNP_VERSION_MAJOR 1
| #define UPNP_VERSION_MINOR 4
| #define UPNP_VERSION_PATCH 6
| #define UPNP_HAVE_DEBUG 1
| #define DEBUG 1
| #define UPNP_HAVE_CLIENT 1
| #define UPNP_HAVE_DEVICE 1
| #define UPNP_HAVE_WEBSERVER 1
| #define UPNP_HAVE_TOOLS 1
| #define STDC_HEADERS 1
| #define HAVE_SYS_TYPES_H 1
| #define HAVE_SYS_STAT_H 1
| #define HAVE_STDLIB_H 1
| #define HAVE_STRING_H 1
| #define HAVE_MEMORY_H 1
| #define HAVE_STRINGS_H 1
| #define HAVE_INTTYPES_H 1
| #define HAVE_STDINT_H 1
| #define HAVE_UNISTD_H 1
| #define HAVE_DLFCN_H 1
| #define _LARGE_FILE_SOURCE
| #define _FILE_OFFSET_BITS 64
| #define STDC_HEADERS 1
| #define HAVE_ARPA_INET_H 1
| #define HAVE_FCNTL_H 1
| #define HAVE_LIMITS_H 1
| #define HAVE_NETDB_H 1
| #define HAVE_NETINET_IN_H 1
| #define HAVE_STDLIB_H 1
| #define HAVE_STRING_H 1
| #define HAVE_SYS_IOCTL_H 1
| #define HAVE_SYS_SOCKET_H 1
| #define HAVE_SYS_TIME_H 1
| #define HAVE_SYS_TIMEB_H 1
| #define HAVE_SYSLOG_H 1
| #define HAVE_UNISTD_H 1
| #define HAVE_VPRINTF 1
| /* end confdefs.h.  */
| #include <stdio.h>
| int
| main ()
| {
| return !fseeko;
|   ;
|   return 0;
| }
configure:21773: mipsel-linux-gcc -c -g -O2 -Wall  conftest.c >&5
configure:21779: $? = 0
configure:21786: test -z "$ac_c_werror_flag" || test ! -s conftest.err
configure:21789: $? = 0
configure:21796: test -s conftest.o
configure:21799: $? = 0
configure:21813: result: 1
configure:21827: checking for fseeko
configure:21853: mipsel-linux-gcc -o conftest -g -O2 -Wall   conftest.c  >&5
configure:21859: $? = 0
configure:21866: test -z "$ac_c_werror_flag" || test ! -s conftest.err
configure:21869: $? = 0
configure:21876: test -s conftest
configure:21879: $? = 0
configure:21892: result: yes
configure:21906: checking for ftime
configure:21962: mipsel-linux-gcc -o conftest -g -O2 -Wall   conftest.c  >&5
configure:21968: $? = 0
configure:21975: test -z "$ac_c_werror_flag" || test ! -s conftest.err
configure:21978: $? = 0
configure:21985: test -s conftest
configure:21988: $? = 0
configure:22002: result: yes
configure:22313: checking for the pthreads library -lpthreads
configure:22356: mipsel-linux-gcc -o conftest -g -O2 -Wall    conftest.c -lpthreads  >&5
conftest.c: In function `main':
conftest.c:55: warning: `th' might be used uninitialized in this function
/opt/buildroot-gdb/lib/gcc-lib/mipsel-linux-uclibc/3.3.6/../../../../mipsel-linux-uclibc/bin/ld: cannot find -lpthreads
collect2: ld returned 1 exit status
configure:22362: $? = 1
configure: failed program was:
| /* confdefs.h.  */
| #define PACKAGE_NAME "libupnp"
| #define PACKAGE_TARNAME "libupnp"
| #define PACKAGE_VERSION "1.4.6"
| #define PACKAGE_STRING "libupnp 1.4.6"
| #define PACKAGE_BUGREPORT "mroberto@users.sourceforge.net"
| #define PACKAGE "libupnp"
| #define VERSION "1.4.6"
| #define UPNP_VERSION_STRING "1.4.6"
| #define UPNP_VERSION_MAJOR 1
| #define UPNP_VERSION_MINOR 4
| #define UPNP_VERSION_PATCH 6
| #define UPNP_HAVE_DEBUG 1
| #define DEBUG 1
| #define UPNP_HAVE_CLIENT 1
| #define UPNP_HAVE_DEVICE 1
| #define UPNP_HAVE_WEBSERVER 1
| #define UPNP_HAVE_TOOLS 1
| #define STDC_HEADERS 1
| #define HAVE_SYS_TYPES_H 1
| #define HAVE_SYS_STAT_H 1
| #define HAVE_STDLIB_H 1
| #define HAVE_STRING_H 1
| #define HAVE_MEMORY_H 1
| #define HAVE_STRINGS_H 1
| #define HAVE_INTTYPES_H 1
| #define HAVE_STDINT_H 1
| #define HAVE_UNISTD_H 1
| #define HAVE_DLFCN_H 1
| #define _LARGE_FILE_SOURCE
| #define _FILE_OFFSET_BITS 64
| #define STDC_HEADERS 1
| #define HAVE_ARPA_INET_H 1
| #define HAVE_FCNTL_H 1
| #define HAVE_LIMITS_H 1
| #define HAVE_NETDB_H 1
| #define HAVE_NETINET_IN_H 1
| #define HAVE_STDLIB_H 1
| #define HAVE_STRING_H 1
| #define HAVE_SYS_IOCTL_H 1
| #define HAVE_SYS_SOCKET_H 1
| #define HAVE_SYS_TIME_H 1
| #define HAVE_SYS_TIMEB_H 1
| #define HAVE_SYSLOG_H 1
| #define HAVE_UNISTD_H 1
| #define HAVE_VPRINTF 1
| #define _LARGEFILE_SOURCE 1
| #define HAVE_FSEEKO 1
| #define HAVE_FTIME 1
| /* end confdefs.h.  */
| #include <pthread.h>
| int
| main ()
| {
| pthread_t th; pthread_join(th, 0);
|                      pthread_attr_init(0); pthread_cleanup_push(0, 0);
|                      pthread_create(0,0,0,0); pthread_cleanup_pop(0);
|   ;
|   return 0;
| }
configure:22398: result: no
configure:22258: checking whether pthreads work without any flags
configure:22356: mipsel-linux-gcc -o conftest -g -O2 -Wall    conftest.c   >&5
conftest.c: In function `main':
conftest.c:55: warning: `th' might be used uninitialized in this function
/tmp/ccigdrLp.o: In function `main':/home/yy/RT288x_SDK/source/user/WSC_UPNP/libupnp-1.4.6/conftest.c:55: undefined reference to `pthread_join'
:/home/yy/RT288x_SDK/source/user/WSC_UPNP/libupnp-1.4.6/conftest.c:56: undefined reference to `_pthread_cleanup_push'
:/home/yy/RT288x_SDK/source/user/WSC_UPNP/libupnp-1.4.6/conftest.c:57: undefined reference to `pthread_create'
:/home/yy/RT288x_SDK/source/user/WSC_UPNP/libupnp-1.4.6/conftest.c:57: undefined reference to `_pthread_cleanup_pop'
collect2: ld returned 1 exit status
configure:22362: $? = 1
configure: failed program was:
| /* confdefs.h.  */
| #define PACKAGE_NAME "libupnp"
| #define PACKAGE_TARNAME "libupnp"
| #define PACKAGE_VERSION "1.4.6"
| #define PACKAGE_STRING "libupnp 1.4.6"
| #define PACKAGE_BUGREPORT "mroberto@users.sourceforge.net"
| #define PACKAGE "libupnp"
| #define VERSION "1.4.6"
| #define UPNP_VERSION_STRING "1.4.6"
| #define UPNP_VERSION_MAJOR 1
| #define UPNP_VERSION_MINOR 4
| #define UPNP_VERSION_PATCH 6
| #define UPNP_HAVE_DEBUG 1
| #define DEBUG 1
| #define UPNP_HAVE_CLIENT 1
| #define UPNP_HAVE_DEVICE 1
| #define UPNP_HAVE_WEBSERVER 1
| #define UPNP_HAVE_TOOLS 1
| #define STDC_HEADERS 1
| #define HAVE_SYS_TYPES_H 1
| #define HAVE_SYS_STAT_H 1
| #define HAVE_STDLIB_H 1
| #define HAVE_STRING_H 1
| #define HAVE_MEMORY_H 1
| #define HAVE_STRINGS_H 1
| #define HAVE_INTTYPES_H 1
| #define HAVE_STDINT_H 1
| #define HAVE_UNISTD_H 1
| #define HAVE_DLFCN_H 1
| #define _LARGE_FILE_SOURCE
| #define _FILE_OFFSET_BITS 64
| #define STDC_HEADERS 1
| #define HAVE_ARPA_INET_H 1
| #define HAVE_FCNTL_H 1
| #define HAVE_LIMITS_H 1
| #define HAVE_NETDB_H 1
| #define HAVE_NETINET_IN_H 1
| #define HAVE_STDLIB_H 1
| #define HAVE_STRING_H 1
| #define HAVE_SYS_IOCTL_H 1
| #define HAVE_SYS_SOCKET_H 1
| #define HAVE_SYS_TIME_H 1
| #define HAVE_SYS_TIMEB_H 1
| #define HAVE_SYSLOG_H 1
| #define HAVE_UNISTD_H 1
| #define HAVE_VPRINTF 1
| #define _LARGEFILE_SOURCE 1
| #define HAVE_FSEEKO 1
| #define HAVE_FTIME 1
| /* end confdefs.h.  */
| #include <pthread.h>
| int
| main ()
| {
| pthread_t th; pthread_join(th, 0);
|                      pthread_attr_init(0); pthread_cleanup_push(0, 0);
|                      pthread_create(0,0,0,0); pthread_cleanup_pop(0);
|   ;
|   return 0;
| }
configure:22398: result: no
configure:22263: checking whether pthreads work with -Kthread
configure:22356: mipsel-linux-gcc -o conftest -g -O2 -Wall -Kthread   conftest.c   >&5
mipsel-linux-gcc: unrecognized option `-Kthread'
conftest.c: In function `main':
conftest.c:55: warning: `th' might be used uninitialized in this function
/tmp/ccCS5Lrd.o: In function `main':/home/yy/RT288x_SDK/source/user/WSC_UPNP/libupnp-1.4.6/conftest.c:55: undefined reference to `pthread_join'
:/home/yy/RT288x_SDK/source/user/WSC_UPNP/libupnp-1.4.6/conftest.c:56: undefined reference to `_pthread_cleanup_push'
:/home/yy/RT288x_SDK/source/user/WSC_UPNP/libupnp-1.4.6/conftest.c:57: undefined reference to `pthread_create'
:/home/yy/RT288x_SDK/source/user/WSC_UPNP/libupnp-1.4.6/conftest.c:57: undefined reference to `_pthread_cleanup_pop'
collect2: ld returned 1 exit status
configure:22362: $? = 1
configure: failed program was:
| /* confdefs.h.  */
| #define PACKAGE_NAME "libupnp"
| #define PACKAGE_TARNAME "libupnp"
| #define PACKAGE_VERSION "1.4.6"
| #define PACKAGE_STRING "libupnp 1.4.6"
| #define PACKAGE_BUGREPORT "mroberto@users.sourceforge.net"
| #define PACKAGE "libupnp"
| #define VERSION "1.4.6"
| #define UPNP_VERSION_STRING "1.4.6"
| #define UPNP_VERSION_MAJOR 1
| #define UPNP_VERSION_MINOR 4
| #define UPNP_VERSION_PATCH 6
| #define UPNP_HAVE_DEBUG 1
| #define DEBUG 1
| #define UPNP_HAVE_CLIENT 1
| #define UPNP_HAVE_DEVICE 1
| #define UPNP_HAVE_WEBSERVER 1
| #define UPNP_HAVE_TOOLS 1
| #define STDC_HEADERS 1
| #define HAVE_SYS_TYPES_H 1
| #define HAVE_SYS_STAT_H 1
| #define HAVE_STDLIB_H 1
| #define HAVE_STRING_H 1
| #define HAVE_MEMORY_H 1
| #define HAVE_STRINGS_H 1
| #define HAVE_INTTYPES_H 1
| #define HAVE_STDINT_H 1
| #define HAVE_UNISTD_H 1
| #define HAVE_DLFCN_H 1
| #define _LARGE_FILE_SOURCE
| #define _FILE_OFFSET_BITS 64
| #define STDC_HEADERS 1
| #define HAVE_ARPA_INET_H 1
| #define HAVE_FCNTL_H 1
| #define HAVE_LIMITS_H 1
| #define HAVE_NETDB_H 1
| #define HAVE_NETINET_IN_H 1
| #define HAVE_STDLIB_H 1
| #define HAVE_STRING_H 1
| #define HAVE_SYS_IOCTL_H 1
| #define HAVE_SYS_SOCKET_H 1
| #define HAVE_SYS_TIME_H 1
| #define HAVE_SYS_TIMEB_H 1
| #define HAVE_SYSLOG_H 1
| #define HAVE_UNISTD_H 1
| #define HAVE_VPRINTF 1
| #define _LARGEFILE_SOURCE 1
| #define HAVE_FSEEKO 1
| #define HAVE_FTIME 1
| /* end confdefs.h.  */
| #include <pthread.h>
| int
| main ()
| {
| pthread_t th; pthread_join(th, 0);
|                      pthread_attr_init(0); pthread_cleanup_push(0, 0);
|                      pthread_create(0,0,0,0); pthread_cleanup_pop(0);
|   ;
|   return 0;
| }
configure:22398: result: no
configure:22263: checking whether pthreads work with -kthread
configure:22356: mipsel-linux-gcc -o conftest -g -O2 -Wall -kthread   conftest.c   >&5
mipsel-linux-gcc: unrecognized option `-kthread'
conftest.c: In function `main':
conftest.c:55: warning: `th' might be used uninitialized in this function
/tmp/ccY291ak.o: In function `main':/home/yy/RT288x_SDK/source/user/WSC_UPNP/libupnp-1.4.6/conftest.c:55: undefined reference to `pthread_join'
:/home/yy/RT288x_SDK/source/user/WSC_UPNP/libupnp-1.4.6/conftest.c:56: undefined reference to `_pthread_cleanup_push'
:/home/yy/RT288x_SDK/source/user/WSC_UPNP/libupnp-1.4.6/conftest.c:57: undefined reference to `pthread_create'
:/home/yy/RT288x_SDK/source/user/WSC_UPNP/libupnp-1.4.6/conftest.c:57: undefined reference to `_pthread_cleanup_pop'
collect2: ld returned 1 exit status
configure:22362: $? = 1
configure: failed program was:
| /* confdefs.h.  */
| #define PACKAGE_NAME "libupnp"
| #define PACKAGE_TARNAME "libupnp"
| #define PACKAGE_VERSION "1.4.6"
| #define PACKAGE_STRING "libupnp 1.4.6"
| #define PACKAGE_BUGREPORT "mroberto@users.sourceforge.net"
| #define PACKAGE "libupnp"
| #define VERSION "1.4.6"
| #define UPNP_VERSION_STRING "1.4.6"
| #define UPNP_VERSION_MAJOR 1
| #define UPNP_VERSION_MINOR 4
| #define UPNP_VERSION_PATCH 6
| #define UPNP_HAVE_DEBUG 1
| #define DEBUG 1
| #define UPNP_HAVE_CLIENT 1
| #define UPNP_HAVE_DEVICE 1
| #define UPNP_HAVE_WEBSERVER 1
| #define UPNP_HAVE_TOOLS 1
| #define STDC_HEADERS 1
| #define HAVE_SYS_TYPES_H 1
| #define HAVE_SYS_STAT_H 1
| #define HAVE_STDLIB_H 1
| #define HAVE_STRING_H 1
| #define HAVE_MEMORY_H 1
| #define HAVE_STRINGS_H 1
| #define HAVE_INTTYPES_H 1
| #define HAVE_STDINT_H 1
| #define HAVE_UNISTD_H 1
| #define HAVE_DLFCN_H 1
| #define _LARGE_FILE_SOURCE
| #define _FILE_OFFSET_BITS 64
| #define STDC_HEADERS 1
| #define HAVE_ARPA_INET_H 1
| #define HAVE_FCNTL_H 1
| #define HAVE_LIMITS_H 1
| #define HAVE_NETDB_H 1
| #define HAVE_NETINET_IN_H 1
| #define HAVE_STDLIB_H 1
| #define HAVE_STRING_H 1
| #define HAVE_SYS_IOCTL_H 1
| #define HAVE_SYS_SOCKET_H 1
| #define HAVE_SYS_TIME_H 1
| #define HAVE_SYS_TIMEB_H 1
| #define HAVE_SYSLOG_H 1
| #define HAVE_UNISTD_H 1
| #define HAVE_VPRINTF 1
| #define _LARGEFILE_SOURCE 1
| #define HAVE_FSEEKO 1
| #define HAVE_FTIME 1
| /* end confdefs.h.  */
| #include <pthread.h>
| int
| main ()
| {
| pthread_t th; pthread_join(th, 0);
|                      pthread_attr_init(0); pthread_cleanup_push(0, 0);
|                      pthread_create(0,0,0,0); pthread_cleanup_pop(0);
|   ;
|   return 0;
| }
configure:22398: result: no
configure:22313: checking for the pthreads library -llthread
configure:22356: mipsel-linux-gcc -o conftest -g -O2 -Wall    conftest.c -llthread  >&5
conftest.c: In function `main':
conftest.c:55: warning: `th' might be used uninitialized in this function
/opt/buildroot-gdb/lib/gcc-lib/mipsel-linux-uclibc/3.3.6/../../../../mipsel-linux-uclibc/bin/ld: cannot find -llthread
collect2: ld returned 1 exit status
configure:22362: $? = 1
configure: failed program was:
| /* confdefs.h.  */
| #define PACKAGE_NAME "libupnp"
| #define PACKAGE_TARNAME "libupnp"
| #define PACKAGE_VERSION "1.4.6"
| #define PACKAGE_STRING "libupnp 1.4.6"
| #define PACKAGE_BUGREPORT "mroberto@users.sourceforge.net"
| #define PACKAGE "libupnp"
| #define VERSION "1.4.6"
| #define UPNP_VERSION_STRING "1.4.6"
| #define UPNP_VERSION_MAJOR 1
| #define UPNP_VERSION_MINOR 4
| #define UPNP_VERSION_PATCH 6
| #define UPNP_HAVE_DEBUG 1
| #define DEBUG 1
| #define UPNP_HAVE_CLIENT 1
| #define UPNP_HAVE_DEVICE 1
| #define UPNP_HAVE_WEBSERVER 1
| #define UPNP_HAVE_TOOLS 1
| #define STDC_HEADERS 1
| #define HAVE_SYS_TYPES_H 1
| #define HAVE_SYS_STAT_H 1
| #define HAVE_STDLIB_H 1
| #define HAVE_STRING_H 1
| #define HAVE_MEMORY_H 1
| #define HAVE_STRINGS_H 1
| #define HAVE_INTTYPES_H 1
| #define HAVE_STDINT_H 1
| #define HAVE_UNISTD_H 1
| #define HAVE_DLFCN_H 1
| #define _LARGE_FILE_SOURCE
| #define _FILE_OFFSET_BITS 64
| #define STDC_HEADERS 1
| #define HAVE_ARPA_INET_H 1
| #define HAVE_FCNTL_H 1
| #define HAVE_LIMITS_H 1
| #define HAVE_NETDB_H 1
| #define HAVE_NETINET_IN_H 1
| #define HAVE_STDLIB_H 1
| #define HAVE_STRING_H 1
| #define HAVE_SYS_IOCTL_H 1
| #define HAVE_SYS_SOCKET_H 1
| #define HAVE_SYS_TIME_H 1
| #define HAVE_SYS_TIMEB_H 1
| #define HAVE_SYSLOG_H 1
| #define HAVE_UNISTD_H 1
| #define HAVE_VPRINTF 1
| #define _LARGEFILE_SOURCE 1
| #define HAVE_FSEEKO 1
| #define HAVE_FTIME 1
| /* end confdefs.h.  */
| #include <pthread.h>
| int
| main ()
| {
| pthread_t th; pthread_join(th, 0);
|                      pthread_attr_init(0); pthread_cleanup_push(0, 0);
|                      pthread_create(0,0,0,0); pthread_cleanup_pop(0);
|   ;
|   return 0;
| }
configure:22398: result: no
configure:22263: checking whether pthreads work with -pthread
configure:22356: mipsel-linux-gcc -o conftest -g -O2 -Wall -pthread   conftest.c   >&5
conftest.c: In function `main':
conftest.c:55: warning: `th' might be used uninitialized in this function
configure:22362: $? = 0
configure:22369: test -z "$ac_c_werror_flag" || test ! -s conftest.err
configure:22372: $? = 0
configure:22379: test -s conftest
configure:22382: $? = 0
configure:22398: result: yes
configure:22417: checking for joinable pthread attribute
configure:22442: mipsel-linux-gcc -o conftest -g -O2 -Wall -pthread   conftest.c   >&5
configure:22448: $? = 0
configure:22455: test -z "$ac_c_werror_flag" || test ! -s conftest.err
configure:22458: $? = 0
configure:22465: test -s conftest
configure:22468: $? = 0
configure:22481: result: PTHREAD_CREATE_JOINABLE
configure:22491: checking if more special flags are required for pthreads
configure:22498: result: no
configure:22510: checking for cc_r
configure:22538: result: mipsel-linux-gcc
configure:22758: creating ./config.status

## ---------------------- ##
## Running config.status. ##
## ---------------------- ##

This file was extended by libupnp config.status 1.4.6, which was
generated by GNU Autoconf 2.60.  Invocation command line was

  CONFIG_FILES    = 
  CONFIG_HEADERS  = 
  CONFIG_LINKS    = 
  CONFIG_COMMANDS = 
  $ ./config.status 

on compiler

config.status:675: creating Makefile
config.status:675: creating ixml/Makefile
config.status:675: creating ixml/doc/Makefile
config.status:675: creating threadutil/Makefile
config.status:675: creating upnp/Makefile
config.status:675: creating upnp/doc/Makefile
config.status:675: creating docs/dist/Makefile
config.status:675: creating libupnp.pc
config.status:675: creating autoconfig.h
config.status:675: creating upnp/inc/upnpconfig.h
config.status:981: executing depfiles commands

## ---------------- ##
## Cache variables. ##
## ---------------- ##

ac_cv_build=x86_64-unknown-linux-gnu
ac_cv_c_compiler_gnu=yes
ac_cv_c_const=yes
ac_cv_cflags_warn_all=-Wall
ac_cv_cxx_compiler_gnu=yes
ac_cv_env_CCC_set=
ac_cv_env_CCC_value=
ac_cv_env_CC_set=
ac_cv_env_CC_value=
ac_cv_env_CFLAGS_set=
ac_cv_env_CFLAGS_value=
ac_cv_env_CPPFLAGS_set=
ac_cv_env_CPPFLAGS_value=
ac_cv_env_CPP_set=
ac_cv_env_CPP_value=
ac_cv_env_CXXCPP_set=
ac_cv_env_CXXCPP_value=
ac_cv_env_CXXFLAGS_set=
ac_cv_env_CXXFLAGS_value=
ac_cv_env_CXX_set=
ac_cv_env_CXX_value=
ac_cv_env_F77_set=
ac_cv_env_F77_value=
ac_cv_env_FFLAGS_set=
ac_cv_env_FFLAGS_value=
ac_cv_env_LDFLAGS_set=
ac_cv_env_LDFLAGS_value=
ac_cv_env_build_alias_set=
ac_cv_env_build_alias_value=
ac_cv_env_host_alias_set=set
ac_cv_env_host_alias_value=mipsel-linux
ac_cv_env_target_alias_set=
ac_cv_env_target_alias_value=
ac_cv_f77_compiler_gnu=yes
ac_cv_func__doprnt=no
ac_cv_func_fseeko=yes
ac_cv_func_ftime=yes
ac_cv_func_vprintf=yes
ac_cv_header_arpa_inet_h=yes
ac_cv_header_dlfcn_h=yes
ac_cv_header_fcntl_h=yes
ac_cv_header_inttypes_h=yes
ac_cv_header_limits_h=yes
ac_cv_header_memory_h=yes
ac_cv_header_netdb_h=yes
ac_cv_header_netinet_in_h=yes
ac_cv_header_stdc=yes
ac_cv_header_stdint_h=yes
ac_cv_header_stdlib_h=yes
ac_cv_header_string_h=yes
ac_cv_header_strings_h=yes
ac_cv_header_sys_ioctl_h=yes
ac_cv_header_sys_socket_h=yes
ac_cv_header_sys_stat_h=yes
ac_cv_header_sys_time_h=yes
ac_cv_header_sys_timeb_h=yes
ac_cv_header_sys_types_h=yes
ac_cv_header_syslog_h=yes
ac_cv_header_unistd_h=yes
ac_cv_host=mipsel-unknown-linux-gnu
ac_cv_objext=o
ac_cv_path_EGREP='/bin/grep -E'
ac_cv_path_GREP=/bin/grep
ac_cv_path_install='/usr/bin/install -c'
ac_cv_prog_AR=mipsel-linux-ar
ac_cv_prog_AWK=gawk
ac_cv_prog_CC=mipsel-linux-gcc
ac_cv_prog_CPP='mipsel-linux-gcc -E'
ac_cv_prog_CXX=mipsel-linux-g++
ac_cv_prog_CXXCPP='mipsel-linux-g++ -E'
ac_cv_prog_PTHREAD_CC=mipsel-linux-gcc
ac_cv_prog_RANLIB=mipsel-linux-ranlib
ac_cv_prog_STRIP=mipsel-linux-strip
ac_cv_prog_ac_ct_F77=gfortran
ac_cv_prog_cc_c89=
ac_cv_prog_cc_g=yes
ac_cv_prog_cc_mipsel_linux_gcc_c_o=yes
ac_cv_prog_cxx_g=yes
ac_cv_prog_f77_g=yes
ac_cv_prog_make_make_set=yes
ac_cv_sys_largefile_source=1
ac_cv_type_off_t=yes
ac_cv_type_size_t=yes
ac_cv_type_socklen_t=yes
am_cv_CC_dependencies_compiler_type=gcc3
am_cv_CXX_dependencies_compiler_type=gcc3
lt_cv_deplibs_check_method=pass_all
lt_cv_file_magic_cmd='$MAGIC_CMD'
lt_cv_file_magic_test_file=
lt_cv_ld_reload_flag=-r
lt_cv_objdir=.libs
lt_cv_path_LD=/opt/buildroot-gdb/mipsel-linux-uclibc/bin/ld
lt_cv_path_LDCXX=/opt/buildroot-gdb/mipsel-linux-uclibc/bin/ld
lt_cv_path_NM='/opt/buildroot-gdb/bin/mipsel-linux-nm -B'
lt_cv_path_SED=/bin/sed
lt_cv_prog_compiler_c_o=yes
lt_cv_prog_compiler_c_o_CXX=yes
lt_cv_prog_compiler_c_o_F77=yes
lt_cv_prog_compiler_rtti_exceptions=no
lt_cv_prog_gnu_ld=yes
lt_cv_prog_gnu_ldcxx=yes
lt_cv_sys_global_symbol_pipe='sed -n -e '\''s/^.*[ 	]\([ABCDGIRSTW][ABCDGIRSTW]*\)[ 	][ 	]*\([_A-Za-z][_A-Za-z0-9]*\)$/\1 \2 \2/p'\'''
lt_cv_sys_global_symbol_to_c_name_address='sed -n -e '\''s/^: \([^ ]*\) $/  {\"\1\", (lt_ptr) 0},/p'\'' -e '\''s/^[BCDEGRST] \([^ ]*\) \([^ ]*\)$/  {"\2", (lt_ptr) \&\2},/p'\'''
lt_cv_sys_global_symbol_to_cdecl='sed -n -e '\''s/^. .* \(.*\)$/extern int \1;/p'\'''
lt_cv_sys_max_cmd_len=32768
lt_lt_cv_prog_compiler_c_o='"yes"'
lt_lt_cv_prog_compiler_c_o_CXX='"yes"'
lt_lt_cv_prog_compiler_c_o_F77='"yes"'
lt_lt_cv_sys_global_symbol_pipe='"sed -n -e '\''s/^.*[ 	]\\([ABCDGIRSTW][ABCDGIRSTW]*\\)[ 	][ 	]*\\([_A-Za-z][_A-Za-z0-9]*\\)\$/\\1 \\2 \\2/p'\''"'
lt_lt_cv_sys_global_symbol_to_c_name_address='"sed -n -e '\''s/^: \\([^ ]*\\) \$/  {\\\"\\1\\\", (lt_ptr) 0},/p'\'' -e '\''s/^[BCDEGRST] \\([^ ]*\\) \\([^ ]*\\)\$/  {\"\\2\", (lt_ptr) \\&\\2},/p'\''"'
lt_lt_cv_sys_global_symbol_to_cdecl='"sed -n -e '\''s/^. .* \\(.*\\)\$/extern int \\1;/p'\''"'

## ----------------- ##
## Output variables. ##
## ----------------- ##

ACLOCAL='${SHELL} /home/yy/RT288x_SDK/source/user/WSC_UPNP/libupnp-1.4.6/config.aux/missing --run aclocal-1.9'
AMDEPBACKSLASH='\'
AMDEP_FALSE='#'
AMDEP_TRUE=''
AMTAR='${SHELL} /home/yy/RT288x_SDK/source/user/WSC_UPNP/libupnp-1.4.6/config.aux/missing --run tar'
AR='mipsel-linux-ar'
AUTOCONF='${SHELL} /home/yy/RT288x_SDK/source/user/WSC_UPNP/libupnp-1.4.6/config.aux/missing --run autoconf'
AUTOHEADER='${SHELL} /home/yy/RT288x_SDK/source/user/WSC_UPNP/libupnp-1.4.6/config.aux/missing --run autoheader'
AUTOMAKE='${SHELL} /home/yy/RT288x_SDK/source/user/WSC_UPNP/libupnp-1.4.6/config.aux/missing --run automake-1.9'
AWK='gawk'
CC='mipsel-linux-gcc'
CCDEPMODE='depmode=gcc3'
CFLAGS='-g -O2 -Wall'
CPP='mipsel-linux-gcc -E'
CPPFLAGS=''
CXX='mipsel-linux-g++'
CXXCPP='mipsel-linux-g++ -E'
CXXDEPMODE='depmode=gcc3'
CXXFLAGS='-g -O2'
CYGPATH_W='echo'
DEFS='-DHAVE_CONFIG_H'
DEPDIR='.deps'
ECHO='echo'
ECHO_C=''
ECHO_N='-n'
ECHO_T=''
EGREP='/bin/grep -E'
ENABLE_CLIENT_FALSE='#'
ENABLE_CLIENT_TRUE=''
ENABLE_DEBUG_FALSE='#'
ENABLE_DEBUG_TRUE=''
ENABLE_DEVICE_FALSE='#'
ENABLE_DEVICE_TRUE=''
ENABLE_SAMPLES_FALSE='#'
ENABLE_SAMPLES_TRUE=''
ENABLE_TOOLS_FALSE='#'
ENABLE_TOOLS_TRUE=''
ENABLE_WEBSERVER_FALSE='#'
ENABLE_WEBSERVER_TRUE=''
EXEEXT=''
F77='gfortran'
FFLAGS='-g -O2'
GREP='/bin/grep'
INSTALL_DATA='${INSTALL} -m 644'
INSTALL_PROGRAM='${INSTALL}'
INSTALL_SCRIPT='${INSTALL}'
INSTALL_STRIP_PROGRAM='${SHELL} $(install_sh) -c -s'
LDFLAGS=''
LIBOBJS=''
LIBS=''
LIBTOOL='$(SHELL) $(top_builddir)/libtool'
LN_S='ln -s'
LTLIBOBJS=''
LT_VERSION_IXML='2:3:0'
LT_VERSION_THREADUTIL='3:0:1'
LT_VERSION_UPNP='2:3:0'
MAKEINFO='${SHELL} /home/yy/RT288x_SDK/source/user/WSC_UPNP/libupnp-1.4.6/config.aux/missing --run makeinfo'
OBJEXT='o'
PACKAGE='libupnp'
PACKAGE_BUGREPORT='mroberto@users.sourceforge.net'
PACKAGE_NAME='libupnp'
PACKAGE_STRING='libupnp 1.4.6'
PACKAGE_TARNAME='libupnp'
PACKAGE_VERSION='1.4.6'
PATH_SEPARATOR=':'
PTHREAD_CC='mipsel-linux-gcc'
PTHREAD_CFLAGS='-pthread'
PTHREAD_LIBS=''
RANLIB='mipsel-linux-ranlib'
SET_MAKE=''
SHELL='/bin/sh'
STRIP='mipsel-linux-strip'
VERSION='1.4.6'
WITH_DOCUMENTATION_FALSE=''
WITH_DOCUMENTATION_TRUE='#'
ac_ct_CC=''
ac_ct_CXX=''
ac_ct_F77='gfortran'
acx_pthread_config=''
am__fastdepCC_FALSE='#'
am__fastdepCC_TRUE=''
am__fastdepCXX_FALSE='#'
am__fastdepCXX_TRUE=''
am__include='include'
am__leading_dot='.'
am__quote=''
am__tar='${AMTAR} chof - "$$tardir"'
am__untar='${AMTAR} xf -'
bindir='${exec_prefix}/bin'
build='x86_64-unknown-linux-gnu'
build_alias=''
build_cpu='x86_64'
build_os='linux-gnu'
build_vendor='unknown'
datadir='${datarootdir}'
datarootdir='${prefix}/share'
docdir='${datarootdir}/doc/libupnp-1.4.6'
dvidir='${docdir}'
exec_prefix='${prefix}'
host='mipsel-unknown-linux-gnu'
host_alias='mipsel-linux'
host_cpu='mipsel'
host_os='linux-gnu'
host_vendor='unknown'
htmldir='${docdir}'
includedir='${prefix}/include'
infodir='${datarootdir}/info'
install_sh='/home/yy/RT288x_SDK/source/user/WSC_UPNP/libupnp-1.4.6/config.aux/install-sh'
libdir='${exec_prefix}/lib'
libexecdir='${exec_prefix}/libexec'
localedir='${datarootdir}/locale'
localstatedir='${prefix}/var'
mandir='${datarootdir}/man'
mkdir_p='mkdir -p --'
oldincludedir='/usr/include'
pdfdir='${docdir}'
prefix='/usr/local'
program_transform_name='s,x,x,'
psdir='${docdir}'
sbindir='${exec_prefix}/sbin'
sharedstatedir='${prefix}/com'
sysconfdir='${prefix}/etc'
target_alias=''

## ----------- ##
## confdefs.h. ##
## ----------- ##

#define PACKAGE_NAME "libupnp"
#define PACKAGE_TARNAME "libupnp"
#define PACKAGE_VERSION "1.4.6"
#define PACKAGE_STRING "libupnp 1.4.6"
#define PACKAGE_BUGREPORT "mroberto@users.sourceforge.net"
#define PACKAGE "libupnp"
#define VERSION "1.4.6"
#define UPNP_VERSION_STRING "1.4.6"
#define UPNP_VERSION_MAJOR 1
#define UPNP_VERSION_MINOR 4
#define UPNP_VERSION_PATCH 6
#define UPNP_HAVE_DEBUG 1
#define DEBUG 1
#define UPNP_HAVE_CLIENT 1
#define UPNP_HAVE_DEVICE 1
#define UPNP_HAVE_WEBSERVER 1
#define UPNP_HAVE_TOOLS 1
#define STDC_HEADERS 1
#define HAVE_SYS_TYPES_H 1
#define HAVE_SYS_STAT_H 1
#define HAVE_STDLIB_H 1
#define HAVE_STRING_H 1
#define HAVE_MEMORY_H 1
#define HAVE_STRINGS_H 1
#define HAVE_INTTYPES_H 1
#define HAVE_STDINT_H 1
#define HAVE_UNISTD_H 1
#define HAVE_DLFCN_H 1
#define _LARGE_FILE_SOURCE
#define _FILE_OFFSET_BITS 64
#define STDC_HEADERS 1
#define HAVE_ARPA_INET_H 1
#define HAVE_FCNTL_H 1
#define HAVE_LIMITS_H 1
#define HAVE_NETDB_H 1
#define HAVE_NETINET_IN_H 1
#define HAVE_STDLIB_H 1
#define HAVE_STRING_H 1
#define HAVE_SYS_IOCTL_H 1
#define HAVE_SYS_SOCKET_H 1
#define HAVE_SYS_TIME_H 1
#define HAVE_SYS_TIMEB_H 1
#define HAVE_SYSLOG_H 1
#define HAVE_UNISTD_H 1
#define HAVE_VPRINTF 1
#define _LARGEFILE_SOURCE 1
#define HAVE_FSEEKO 1
#define HAVE_FTIME 1
#define HAVE_PTHREAD 1

configure: exit 0
